<?xml version="1.0" encoding="UTF-8"?>
<!-- Generated by org.testng.reporters.JUnitXMLReporter -->
<testsuite hostname="EPRUPETW6152" name="Surefire test" tests="23" failures="0" timestamp="18 Jun 2019 20:43:25 GMT" time="1.821" errors="0">
  <testcase name="@BeforeTest createDriver" time="0.0" classname="hw2.TestForExercise1">
    <failure type="org.openqa.selenium.SessionNotCreatedException" message="session not created: This version of ChromeDriver only supports Chrome version 76
Build info: version: &amp;apos;3.141.59&amp;apos;, revision: &amp;apos;e82be7d358&amp;apos;, time: &amp;apos;2018-11-14T08:17:03&amp;apos;
System info: host: &amp;apos;EPRUPETW6152&amp;apos;, ip: &amp;apos;192.168.56.1&amp;apos;, os.name: &amp;apos;Windows 8.1&amp;apos;, os.arch: &amp;apos;amd64&amp;apos;, os.version: &amp;apos;6.3&amp;apos;, java.version: &amp;apos;1.8.0_71&amp;apos;
Driver info: driver.version: ChromeDriver
remote stacktrace: Backtrace:
	Ordinal0 [0x00C57B13+1473299]
	Ordinal0 [0x00BDAC61+961633]
	Ordinal0 [0x00B641A3+475555]
	Ordinal0 [0x00AFF365+62309]
	Ordinal0 [0x00AFBC77+48247]
	Ordinal0 [0x00B18FD9+167897]
	Ordinal0 [0x00B18BAD+166829]
	Ordinal0 [0x00B172BB+160443]
	Ordinal0 [0x00B00AE6+68326]
	Ordinal0 [0x00B01A80+72320]
	Ordinal0 [0x00B01A19+72217]
	Ordinal0 [0x00BF4A27+1067559]
	GetHandleVerifier [0x00CF66F5+506677]
	GetHandleVerifier [0x00CF6490+506064]
	GetHandleVerifier [0x00CFD038+533624]
	GetHandleVerifier [0x00CF6ECA+508682]
	Ordinal0 [0x00BEC116+1032470]
	Ordinal0 [0x00BEBF8F+1032079]
	Ordinal0 [0x00BF693B+1075515]
	Ordinal0 [0x00BF6AA3+1075875]
	Ordinal0 [0x00BF5A55+1071701]
	BaseThreadInitThunk [0x769E6A14+36]
	RtlInitializeExceptionChain [0x7707AD8F+143]
	RtlInitializeExceptionChain [0x7707AD5A+90]
">
      <![CDATA[org.openqa.selenium.SessionNotCreatedException: session not created: This version of ChromeDriver only supports Chrome version 76
Build info: version: '3.141.59', revision: 'e82be7d358', time: '2018-11-14T08:17:03'
System info: host: 'EPRUPETW6152', ip: '192.168.56.1', os.name: 'Windows 8.1', os.arch: 'amd64', os.version: '6.3', java.version: '1.8.0_71'
Driver info: driver.version: ChromeDriver
remote stacktrace: Backtrace:
	Ordinal0 [0x00C57B13+1473299]
	Ordinal0 [0x00BDAC61+961633]
	Ordinal0 [0x00B641A3+475555]
	Ordinal0 [0x00AFF365+62309]
	Ordinal0 [0x00AFBC77+48247]
	Ordinal0 [0x00B18FD9+167897]
	Ordinal0 [0x00B18BAD+166829]
	Ordinal0 [0x00B172BB+160443]
	Ordinal0 [0x00B00AE6+68326]
	Ordinal0 [0x00B01A80+72320]
	Ordinal0 [0x00B01A19+72217]
	Ordinal0 [0x00BF4A27+1067559]
	GetHandleVerifier [0x00CF66F5+506677]
	GetHandleVerifier [0x00CF6490+506064]
	GetHandleVerifier [0x00CFD038+533624]
	GetHandleVerifier [0x00CF6ECA+508682]
	Ordinal0 [0x00BEC116+1032470]
	Ordinal0 [0x00BEBF8F+1032079]
	Ordinal0 [0x00BF693B+1075515]
	Ordinal0 [0x00BF6AA3+1075875]
	Ordinal0 [0x00BF5A55+1071701]
	BaseThreadInitThunk [0x769E6A14+36]
	RtlInitializeExceptionChain [0x7707AD8F+143]
	RtlInitializeExceptionChain [0x7707AD5A+90]

	at org.openqa.selenium.remote.W3CHandshakeResponse.lambda$errorHandler$0(W3CHandshakeResponse.java:62)
	at org.openqa.selenium.remote.HandshakeResponse.lambda$getResponseFunction$0(HandshakeResponse.java:30)
	at org.openqa.selenium.remote.ProtocolHandshake.lambda$createSession$0(ProtocolHandshake.java:126)
	at java.util.stream.ReferencePipeline$3$1.accept(ReferencePipeline.java:193)
	at java.util.Spliterators$ArraySpliterator.tryAdvance(Spliterators.java:958)
	at java.util.stream.ReferencePipeline.forEachWithCancel(ReferencePipeline.java:126)
	at java.util.stream.AbstractPipeline.copyIntoWithCancel(AbstractPipeline.java:498)
	at java.util.stream.AbstractPipeline.copyInto(AbstractPipeline.java:485)
	at java.util.stream.AbstractPipeline.wrapAndCopyInto(AbstractPipeline.java:471)
	at java.util.stream.FindOps$FindOp.evaluateSequential(FindOps.java:152)
	at java.util.stream.AbstractPipeline.evaluate(AbstractPipeline.java:234)
	at java.util.stream.ReferencePipeline.findFirst(ReferencePipeline.java:464)
	at org.openqa.selenium.remote.ProtocolHandshake.createSession(ProtocolHandshake.java:128)
	at org.openqa.selenium.remote.ProtocolHandshake.createSession(ProtocolHandshake.java:74)
	at org.openqa.selenium.remote.HttpCommandExecutor.execute(HttpCommandExecutor.java:136)
	at org.openqa.selenium.remote.service.DriverCommandExecutor.execute(DriverCommandExecutor.java:83)
	at org.openqa.selenium.remote.RemoteWebDriver.execute(RemoteWebDriver.java:552)
	at org.openqa.selenium.remote.RemoteWebDriver.startSession(RemoteWebDriver.java:213)
	at org.openqa.selenium.remote.RemoteWebDriver.<init>(RemoteWebDriver.java:131)
	at org.openqa.selenium.chrome.ChromeDriver.<init>(ChromeDriver.java:181)
	at org.openqa.selenium.chrome.ChromeDriver.<init>(ChromeDriver.java:168)
	at org.openqa.selenium.chrome.ChromeDriver.<init>(ChromeDriver.java:123)
	at hw2.TestForExercise1.createDriver(TestForExercise1.java:17)
	at org.apache.maven.surefire.testng.TestNGExecutor.run(TestNGExecutor.java:135)
	at org.apache.maven.surefire.testng.TestNGDirectoryTestSuite.executeMulti(TestNGDirectoryTestSuite.java:193)
	at org.apache.maven.surefire.testng.TestNGDirectoryTestSuite.execute(TestNGDirectoryTestSuite.java:94)
	at org.apache.maven.surefire.testng.TestNGProvider.invoke(TestNGProvider.java:146)
	at org.apache.maven.surefire.booter.ForkedBooter.invokeProviderInSameClassLoader(ForkedBooter.java:384)
	at org.apache.maven.surefire.booter.ForkedBooter.runSuitesInProcess(ForkedBooter.java:345)
	at org.apache.maven.surefire.booter.ForkedBooter.execute(ForkedBooter.java:126)
	at org.apache.maven.surefire.booter.ForkedBooter.main(ForkedBooter.java:418)
... Removed 23 stack frames]]>
    </failure>
  </testcase> <!-- @BeforeTest createDriver -->
  <testcase name="@AfterTest destroyDriver" time="0.0" classname="hw2.TestForExercise1">
    <skipped/>
  </testcase> <!-- @AfterTest destroyDriver -->
  <testcase name="AddingDoubleVariablesReturnsCorrecrtResults" time="0.0" classname="hw1.TestAddingReturnsCorrectSum">
    <skipped/>
  </testcase> <!-- AddingDoubleVariablesReturnsCorrecrtResults -->
  <testcase name="AddingLongVariablesReturnsCorrectResult" time="0.0" classname="hw1.TestAddingReturnsCorrectSum">
    <skipped/>
  </testcase> <!-- AddingLongVariablesReturnsCorrectResult -->
  <testcase name="AddingTwoDoubleNegativesReturnsCorrectResult" time="0.0" classname="hw1.TestAddingReturnsCorrectSum">
    <skipped/>
  </testcase> <!-- AddingTwoDoubleNegativesReturnsCorrectResult -->
  <testcase name="AddingTwoLongNegativesReturnsCorrectResult" time="0.0" classname="hw1.TestAddingReturnsCorrectSum">
    <skipped/>
  </testcase> <!-- AddingTwoLongNegativesReturnsCorrectResult -->
  <testcase name="AddingZeroToADoubleValueDoesNotChangeTheSum" time="0.0" classname="hw1.TestAddingReturnsCorrectSum">
    <skipped/>
  </testcase> <!-- AddingZeroToADoubleValueDoesNotChangeTheSum -->
  <testcase name="AddingZeroToALongValueDoesNotChangeTheSum" time="0.0" classname="hw1.TestAddingReturnsCorrectSum">
    <skipped/>
  </testcase> <!-- AddingZeroToALongValueDoesNotChangeTheSum -->
  <testcase name="DivisionALongByZeroThrowsException" time="0.0" classname="hw1.TestDivisionReturnsCorrectResults">
    <skipped/>
  </testcase> <!-- DivisionALongByZeroThrowsException -->
  <testcase name="DivisionOfADoubleByUnityReturnsItself" time="0.0" classname="hw1.TestDivisionReturnsCorrectResults">
    <skipped/>
  </testcase> <!-- DivisionOfADoubleByUnityReturnsItself -->
  <testcase name="DivisionOfADoubleByZeroReturnsInfitnity" time="0.0" classname="hw1.TestDivisionReturnsCorrectResults">
    <skipped/>
  </testcase> <!-- DivisionOfADoubleByZeroReturnsInfitnity -->
  <testcase name="DivisionOfANongByUnityReturnsItself" time="0.0" classname="hw1.TestDivisionReturnsCorrectResults">
    <skipped/>
  </testcase> <!-- DivisionOfANongByUnityReturnsItself -->
  <testcase name="DivisionOfDoubleByDoubleReturnsCorrectResult" time="0.0" classname="hw1.TestDivisionReturnsCorrectResults">
    <skipped/>
  </testcase> <!-- DivisionOfDoubleByDoubleReturnsCorrectResult -->
  <testcase name="DivisionOfLongByLongReturnsCorrectResult" time="0.0" classname="hw1.TestDivisionReturnsCorrectResults">
    <skipped/>
  </testcase> <!-- DivisionOfLongByLongReturnsCorrectResult -->
  <testcase name="MultiplicationOfADoubleByZeroReturnsZero" time="0.0" classname="hw1.TestMultiplicationReturnsCorrectResults">
    <skipped/>
  </testcase> <!-- MultiplicationOfADoubleByZeroReturnsZero -->
  <testcase name="MultiplicationOfALongByZeroReturnsZero" time="0.0" classname="hw1.TestMultiplicationReturnsCorrectResults">
    <skipped/>
  </testcase> <!-- MultiplicationOfALongByZeroReturnsZero -->
  <testcase name="MultiplicationOfDoublesReturnsCorrectResult" time="0.0" classname="hw1.TestMultiplicationReturnsCorrectResults">
    <skipped/>
  </testcase> <!-- MultiplicationOfDoublesReturnsCorrectResult -->
  <testcase name="MultiplicationOfLongsReturnsCorrectResult" time="0.0" classname="hw1.TestMultiplicationReturnsCorrectResults">
    <skipped/>
  </testcase> <!-- MultiplicationOfLongsReturnsCorrectResult -->
  <testcase name="SubtractingDoubleNegativeMakesAPositive" time="0.0" classname="hw1.TestSubtractionReturnsCorrectResults">
    <skipped/>
  </testcase> <!-- SubtractingDoubleNegativeMakesAPositive -->
  <testcase name="SubtractingDoubleValuesReturnsCorrectResults" time="0.0" classname="hw1.TestSubtractionReturnsCorrectResults">
    <skipped/>
  </testcase> <!-- SubtractingDoubleValuesReturnsCorrectResults -->
  <testcase name="SubtractingLongNegativeMakesAPositive" time="0.0" classname="hw1.TestSubtractionReturnsCorrectResults">
    <skipped/>
  </testcase> <!-- SubtractingLongNegativeMakesAPositive -->
  <testcase name="SubtractingZeroFromADoubleValueDoesNotChangeResult" time="0.0" classname="hw1.TestSubtractionReturnsCorrectResults">
    <skipped/>
  </testcase> <!-- SubtractingZeroFromADoubleValueDoesNotChangeResult -->
  <testcase name="SubtractingZeroFromALongValueDoesNotChangeResult" time="0.0" classname="hw1.TestSubtractionReturnsCorrectResults">
    <skipped/>
  </testcase> <!-- SubtractingZeroFromALongValueDoesNotChangeResult -->
  <testcase name="SubtractionLongValuesReturnsCorrectResult" time="0.0" classname="hw1.TestSubtractionReturnsCorrectResults">
    <skipped/>
  </testcase> <!-- SubtractionLongValuesReturnsCorrectResult -->
  <testcase name="TestScenario1" time="0.0" classname="hw2.TestForExercise1">
    <skipped/>
  </testcase> <!-- TestScenario1 -->
</testsuite> <!-- Surefire test -->
