<?xml version="1.0" encoding="UTF-8"?>
<testsuite xmlns:xsi="http://www.w3.org/2001/XMLSchema-instance" xsi:noNamespaceSchemaLocation="https://maven.apache.org/surefire/maven-surefire-plugin/xsd/surefire-test-report.xsd" name="TestSuite" time="2.312" tests="25" errors="0" skipped="24" failures="1">
  <properties>
[...]
</properties>
  <testcase name="createDriver" classname="hw2.TestForExercise1" time="2.062">
    <failure message="session not created: This version of ChromeDriver only supports Chrome version 76&#10;Build info: version: &apos;3.141.59&apos;, revision: &apos;e82be7d358&apos;, time: &apos;2018-11-14T08:17:03&apos;&#10;System info: host: &apos;EPRUPETW6152&apos;, ip: &apos;192.168.56.1&apos;, os.name: &apos;Windows 8.1&apos;, os.arch: &apos;amd64&apos;, os.version: &apos;6.3&apos;, java.version: &apos;1.8.0_71&apos;&#10;Driver info: driver.version: ChromeDriver&#10;remote stacktrace: Backtrace:&#10;	Ordinal0 [0x00C57B13+1473299]&#10;	Ordinal0 [0x00BDAC61+961633]&#10;	Ordinal0 [0x00B641A3+475555]&#10;	Ordinal0 [0x00AFF365+62309]&#10;	Ordinal0 [0x00AFBC77+48247]&#10;	Ordinal0 [0x00B18FD9+167897]&#10;	Ordinal0 [0x00B18BAD+166829]&#10;	Ordinal0 [0x00B172BB+160443]&#10;	Ordinal0 [0x00B00AE6+68326]&#10;	Ordinal0 [0x00B01A80+72320]&#10;	Ordinal0 [0x00B01A19+72217]&#10;	Ordinal0 [0x00BF4A27+1067559]&#10;	GetHandleVerifier [0x00CF66F5+506677]&#10;	GetHandleVerifier [0x00CF6490+506064]&#10;	GetHandleVerifier [0x00CFD038+533624]&#10;	GetHandleVerifier [0x00CF6ECA+508682]&#10;	Ordinal0 [0x00BEC116+1032470]&#10;	Ordinal0 [0x00BEBF8F+1032079]&#10;	Ordinal0 [0x00BF693B+1075515]&#10;	Ordinal0 [0x00BF6AA3+1075875]&#10;	Ordinal0 [0x00BF5A55+1071701]&#10;	BaseThreadInitThunk [0x769E6A14+36]&#10;	RtlInitializeExceptionChain [0x7707AD8F+143]&#10;	RtlInitializeExceptionChain [0x7707AD5A+90]&#10;" type="org.openqa.selenium.SessionNotCreatedException">org.openqa.selenium.SessionNotCreatedException: 
session not created: This version of ChromeDriver only supports Chrome version 76
Build info: version: '3.141.59', revision: 'e82be7d358', time: '2018-11-14T08:17:03'
System info: host: 'EPRUPETW6152', ip: '192.168.56.1', os.name: 'Windows 8.1', os.arch: 'amd64', os.version: '6.3', java.version: '1.8.0_71'
Driver info: driver.version: ChromeDriver
remote stacktrace: Backtrace:
	Ordinal0 [0x00C57B13+1473299]
	Ordinal0 [0x00BDAC61+961633]
	Ordinal0 [0x00B641A3+475555]
	Ordinal0 [0x00AFF365+62309]
	Ordinal0 [0x00AFBC77+48247]
	Ordinal0 [0x00B18FD9+167897]
	Ordinal0 [0x00B18BAD+166829]
	Ordinal0 [0x00B172BB+160443]
	Ordinal0 [0x00B00AE6+68326]
	Ordinal0 [0x00B01A80+72320]
	Ordinal0 [0x00B01A19+72217]
	Ordinal0 [0x00BF4A27+1067559]
	GetHandleVerifier [0x00CF66F5+506677]
	GetHandleVerifier [0x00CF6490+506064]
	GetHandleVerifier [0x00CFD038+533624]
	GetHandleVerifier [0x00CF6ECA+508682]
	Ordinal0 [0x00BEC116+1032470]
	Ordinal0 [0x00BEBF8F+1032079]
	Ordinal0 [0x00BF693B+1075515]
	Ordinal0 [0x00BF6AA3+1075875]
	Ordinal0 [0x00BF5A55+1071701]
	BaseThreadInitThunk [0x769E6A14+36]
	RtlInitializeExceptionChain [0x7707AD8F+143]
	RtlInitializeExceptionChain [0x7707AD5A+90]

	at hw2.TestForExercise1.createDriver(TestForExercise1.java:17)
</failure>
    <system-err><![CDATA[Starting ChromeDriver 76.0.3809.25 (a0c95f440512e06df1c9c206f2d79cc20be18bb1-refs/branch-heads/3809@{#271}) on port 12910
Only local connections are allowed.
Please protect ports used by ChromeDriver and related test frameworks to prevent access by malicious code.
]]></system-err>
  </testcase>
  <testcase name="AddingDoubleVariablesReturnsCorrecrtResults" classname="hw1.TestAddingReturnsCorrectSum" time="0">
    <skipped/>
  </testcase>
  <testcase name="AddingLongVariablesReturnsCorrectResult" classname="hw1.TestAddingReturnsCorrectSum" time="0">
    <skipped/>
  </testcase>
  <testcase name="AddingTwoDoubleNegativesReturnsCorrectResult" classname="hw1.TestAddingReturnsCorrectSum" time="0">
    <skipped/>
  </testcase>
  <testcase name="AddingTwoLongNegativesReturnsCorrectResult" classname="hw1.TestAddingReturnsCorrectSum" time="0">
    <skipped/>
  </testcase>
  <testcase name="AddingZeroToADoubleValueDoesNotChangeTheSum" classname="hw1.TestAddingReturnsCorrectSum" time="0">
    <skipped/>
  </testcase>
  <testcase name="AddingZeroToALongValueDoesNotChangeTheSum" classname="hw1.TestAddingReturnsCorrectSum" time="0">
    <skipped/>
  </testcase>
  <testcase name="DivisionALongByZeroThrowsException" classname="hw1.TestDivisionReturnsCorrectResults" time="0">
    <skipped/>
  </testcase>
  <testcase name="DivisionOfADoubleByUnityReturnsItself" classname="hw1.TestDivisionReturnsCorrectResults" time="0">
    <skipped/>
  </testcase>
  <testcase name="DivisionOfADoubleByZeroReturnsInfitnity" classname="hw1.TestDivisionReturnsCorrectResults" time="0">
    <skipped/>
  </testcase>
  <testcase name="DivisionOfANongByUnityReturnsItself" classname="hw1.TestDivisionReturnsCorrectResults" time="0">
    <skipped/>
  </testcase>
  <testcase name="DivisionOfDoubleByDoubleReturnsCorrectResult" classname="hw1.TestDivisionReturnsCorrectResults" time="0">
    <skipped/>
  </testcase>
  <testcase name="DivisionOfLongByLongReturnsCorrectResult" classname="hw1.TestDivisionReturnsCorrectResults" time="0">
    <skipped/>
  </testcase>
  <testcase name="MultiplicationOfADoubleByZeroReturnsZero" classname="hw1.TestMultiplicationReturnsCorrectResults" time="0">
    <skipped/>
  </testcase>
  <testcase name="MultiplicationOfALongByZeroReturnsZero" classname="hw1.TestMultiplicationReturnsCorrectResults" time="0">
    <skipped/>
  </testcase>
  <testcase name="MultiplicationOfDoublesReturnsCorrectResult" classname="hw1.TestMultiplicationReturnsCorrectResults" time="0">
    <skipped/>
  </testcase>
  <testcase name="MultiplicationOfLongsReturnsCorrectResult" classname="hw1.TestMultiplicationReturnsCorrectResults" time="0">
    <skipped/>
  </testcase>
  <testcase name="SubtractingDoubleNegativeMakesAPositive" classname="hw1.TestSubtractionReturnsCorrectResults" time="0">
    <skipped/>
  </testcase>
  <testcase name="SubtractingDoubleValuesReturnsCorrectResults" classname="hw1.TestSubtractionReturnsCorrectResults" time="0">
    <skipped/>
  </testcase>
  <testcase name="SubtractingLongNegativeMakesAPositive" classname="hw1.TestSubtractionReturnsCorrectResults" time="0">
    <skipped/>
  </testcase>
  <testcase name="SubtractingZeroFromADoubleValueDoesNotChangeResult" classname="hw1.TestSubtractionReturnsCorrectResults" time="0">
    <skipped/>
  </testcase>
  <testcase name="SubtractingZeroFromALongValueDoesNotChangeResult" classname="hw1.TestSubtractionReturnsCorrectResults" time="0">
    <skipped/>
  </testcase>
  <testcase name="SubtractionLongValuesReturnsCorrectResult" classname="hw1.TestSubtractionReturnsCorrectResults" time="0">
    <skipped/>
  </testcase>
  <testcase name="TestScenario1" classname="hw2.TestForExercise1" time="0">
    <skipped/>
  </testcase>
  <testcase name="destroyDriver" classname="hw2.TestForExercise1" time="0">
    <skipped/>
  </testcase>
</testsuite>