-------------------------------------------------------------------------------
Test set: TestSuite
-------------------------------------------------------------------------------
Tests run: 24, Failures: 1, Errors: 0, Skipped: 0, Time elapsed: 9.38 s <<< FAILURE! - in TestSuite
TestScenario1(hw2.TestForExcercise1)  Time elapsed: 0.006 s  <<< FAILURE!
java.lang.NullPointerException
	at hw2.TestForExcercise1.TestScenario1(TestForExcercise1.java:13)

