<?xml version="1.0" encoding="UTF-8"?>
<testng-results skipped="23" failed="0" total="23" passed="0">
  <reporter-output>
  </reporter-output>
  <suite name="Surefire suite" duration-ms="63427" started-at="2019-06-20T08:39:41Z" finished-at="2019-06-20T08:40:45Z">
    <groups>
    </groups>
    <test name="Surefire test" duration-ms="63427" started-at="2019-06-20T08:39:41Z" finished-at="2019-06-20T08:40:45Z">
      <class name="hw1.TestDivisionReturnsCorrectResults">
        <test-method status="SKIP" signature="DivisionALongByZeroThrowsException()[pri:0, instance:hw1.TestDivisionReturnsCorrectResults@4157f54e]" name="DivisionALongByZeroThrowsException" duration-ms="1" started-at="2019-06-20T11:40:45Z" finished-at="2019-06-20T11:40:45Z">
          <reporter-output>
          </reporter-output>
        </test-method> <!-- DivisionALongByZeroThrowsException -->
        <test-method status="SKIP" signature="DivisionOfANongByUnityReturnsItself()[pri:0, instance:hw1.TestDivisionReturnsCorrectResults@4157f54e]" name="DivisionOfANongByUnityReturnsItself" duration-ms="0" started-at="2019-06-20T11:40:45Z" finished-at="2019-06-20T11:40:45Z">
          <reporter-output>
          </reporter-output>
        </test-method> <!-- DivisionOfANongByUnityReturnsItself -->
        <test-method status="SKIP" signature="DivisionOfDoubleByDoubleReturnsCorrectResult()[pri:0, instance:hw1.TestDivisionReturnsCorrectResults@4157f54e]" name="DivisionOfDoubleByDoubleReturnsCorrectResult" duration-ms="0" started-at="2019-06-20T11:40:45Z" finished-at="2019-06-20T11:40:45Z">
          <reporter-output>
          </reporter-output>
        </test-method> <!-- DivisionOfDoubleByDoubleReturnsCorrectResult -->
        <test-method status="SKIP" signature="DivisionOfADoubleByZeroReturnsInfitnity()[pri:0, instance:hw1.TestDivisionReturnsCorrectResults@4157f54e]" name="DivisionOfADoubleByZeroReturnsInfitnity" duration-ms="0" started-at="2019-06-20T11:40:45Z" finished-at="2019-06-20T11:40:45Z">
          <reporter-output>
          </reporter-output>
        </test-method> <!-- DivisionOfADoubleByZeroReturnsInfitnity -->
        <test-method status="SKIP" signature="DivisionOfADoubleByUnityReturnsItself()[pri:0, instance:hw1.TestDivisionReturnsCorrectResults@4157f54e]" name="DivisionOfADoubleByUnityReturnsItself" duration-ms="0" started-at="2019-06-20T11:40:45Z" finished-at="2019-06-20T11:40:45Z">
          <reporter-output>
          </reporter-output>
        </test-method> <!-- DivisionOfADoubleByUnityReturnsItself -->
        <test-method status="SKIP" signature="DivisionOfLongByLongReturnsCorrectResult()[pri:0, instance:hw1.TestDivisionReturnsCorrectResults@4157f54e]" name="DivisionOfLongByLongReturnsCorrectResult" duration-ms="0" started-at="2019-06-20T11:40:45Z" finished-at="2019-06-20T11:40:45Z">
          <reporter-output>
          </reporter-output>
        </test-method> <!-- DivisionOfLongByLongReturnsCorrectResult -->
      </class> <!-- hw1.TestDivisionReturnsCorrectResults -->
      <class name="hw1.TestSubtractionReturnsCorrectResults">
        <test-method status="SKIP" signature="SubtractingDoubleNegativeMakesAPositive()[pri:0, instance:hw1.TestSubtractionReturnsCorrectResults@783e6358]" name="SubtractingDoubleNegativeMakesAPositive" duration-ms="1" started-at="2019-06-20T11:40:45Z" finished-at="2019-06-20T11:40:45Z">
          <reporter-output>
          </reporter-output>
        </test-method> <!-- SubtractingDoubleNegativeMakesAPositive -->
        <test-method status="SKIP" signature="SubtractingLongNegativeMakesAPositive()[pri:0, instance:hw1.TestSubtractionReturnsCorrectResults@783e6358]" name="SubtractingLongNegativeMakesAPositive" duration-ms="0" started-at="2019-06-20T11:40:45Z" finished-at="2019-06-20T11:40:45Z">
          <reporter-output>
          </reporter-output>
        </test-method> <!-- SubtractingLongNegativeMakesAPositive -->
        <test-method status="SKIP" signature="SubtractionLongValuesReturnsCorrectResult()[pri:0, instance:hw1.TestSubtractionReturnsCorrectResults@783e6358]" name="SubtractionLongValuesReturnsCorrectResult" duration-ms="1" started-at="2019-06-20T11:40:45Z" finished-at="2019-06-20T11:40:45Z">
          <reporter-output>
          </reporter-output>
        </test-method> <!-- SubtractionLongValuesReturnsCorrectResult -->
        <test-method status="SKIP" signature="SubtractingZeroFromALongValueDoesNotChangeResult()[pri:0, instance:hw1.TestSubtractionReturnsCorrectResults@783e6358]" name="SubtractingZeroFromALongValueDoesNotChangeResult" duration-ms="0" started-at="2019-06-20T11:40:45Z" finished-at="2019-06-20T11:40:45Z">
          <reporter-output>
          </reporter-output>
        </test-method> <!-- SubtractingZeroFromALongValueDoesNotChangeResult -->
        <test-method status="SKIP" signature="SubtractingZeroFromADoubleValueDoesNotChangeResult()[pri:0, instance:hw1.TestSubtractionReturnsCorrectResults@783e6358]" name="SubtractingZeroFromADoubleValueDoesNotChangeResult" duration-ms="0" started-at="2019-06-20T11:40:45Z" finished-at="2019-06-20T11:40:45Z">
          <reporter-output>
          </reporter-output>
        </test-method> <!-- SubtractingZeroFromADoubleValueDoesNotChangeResult -->
        <test-method status="SKIP" signature="SubtractingDoubleValuesReturnsCorrectResults()[pri:0, instance:hw1.TestSubtractionReturnsCorrectResults@783e6358]" name="SubtractingDoubleValuesReturnsCorrectResults" duration-ms="0" started-at="2019-06-20T11:40:45Z" finished-at="2019-06-20T11:40:45Z">
          <reporter-output>
          </reporter-output>
        </test-method> <!-- SubtractingDoubleValuesReturnsCorrectResults -->
      </class> <!-- hw1.TestSubtractionReturnsCorrectResults -->
      <class name="hw2.TestForExercise1">
        <test-method status="FAIL" signature="createDriver()[pri:0, instance:hw2.TestForExercise1@6615435c]" name="createDriver" is-config="true" duration-ms="0" started-at="2019-06-20T11:39:41Z" finished-at="2019-06-20T11:39:41Z">
          <exception class="org.openqa.selenium.WebDriverException">
            <message>
              <![CDATA[unknown error: unable to discover open pages
  (Driver info: chromedriver=2.46.628402 (536cd7adbad73a3783fdc2cab92ab2ba7ec361e1),platform=Windows NT 6.3.9600 x86_64) (WARNING: The server did not provide any stacktrace information)
Command duration or timeout: 60.95 seconds
Build info: version: '3.141.59', revision: 'e82be7d358', time: '2018-11-14T08:17:03'
System info: host: 'EPRUPETW6152', ip: '192.168.56.1', os.name: 'Windows 8.1', os.arch: 'amd64', os.version: '6.3', java.version: '1.8.0_71'
Driver info: driver.version: ChromeDriver]]>
            </message>
            <full-stacktrace>
              <![CDATA[org.openqa.selenium.WebDriverException: unknown error: unable to discover open pages
  (Driver info: chromedriver=2.46.628402 (536cd7adbad73a3783fdc2cab92ab2ba7ec361e1),platform=Windows NT 6.3.9600 x86_64) (WARNING: The server did not provide any stacktrace information)
Command duration or timeout: 60.95 seconds
Build info: version: '3.141.59', revision: 'e82be7d358', time: '2018-11-14T08:17:03'
System info: host: 'EPRUPETW6152', ip: '192.168.56.1', os.name: 'Windows 8.1', os.arch: 'amd64', os.version: '6.3', java.version: '1.8.0_71'
Driver info: driver.version: ChromeDriver
	at sun.reflect.NativeConstructorAccessorImpl.newInstance0(Native Method)
	at sun.reflect.NativeConstructorAccessorImpl.newInstance(NativeConstructorAccessorImpl.java:62)
	at sun.reflect.DelegatingConstructorAccessorImpl.newInstance(DelegatingConstructorAccessorImpl.java:45)
	at java.lang.reflect.Constructor.newInstance(Constructor.java:422)
	at org.openqa.selenium.remote.ErrorHandler.createThrowable(ErrorHandler.java:214)
	at org.openqa.selenium.remote.ErrorHandler.throwIfResponseFailed(ErrorHandler.java:166)
	at org.openqa.selenium.remote.JsonWireProtocolResponse.lambda$errorHandler$0(JsonWireProtocolResponse.java:54)
	at org.openqa.selenium.remote.HandshakeResponse.lambda$getResponseFunction$0(HandshakeResponse.java:30)
	at org.openqa.selenium.remote.ProtocolHandshake.lambda$createSession$0(ProtocolHandshake.java:126)
	at java.util.stream.ReferencePipeline$3$1.accept(ReferencePipeline.java:193)
	at java.util.Spliterators$ArraySpliterator.tryAdvance(Spliterators.java:958)
	at java.util.stream.ReferencePipeline.forEachWithCancel(ReferencePipeline.java:126)
	at java.util.stream.AbstractPipeline.copyIntoWithCancel(AbstractPipeline.java:498)
	at java.util.stream.AbstractPipeline.copyInto(AbstractPipeline.java:485)
	at java.util.stream.AbstractPipeline.wrapAndCopyInto(AbstractPipeline.java:471)
	at java.util.stream.FindOps$FindOp.evaluateSequential(FindOps.java:152)
	at java.util.stream.AbstractPipeline.evaluate(AbstractPipeline.java:234)
	at java.util.stream.ReferencePipeline.findFirst(ReferencePipeline.java:464)
	at org.openqa.selenium.remote.ProtocolHandshake.createSession(ProtocolHandshake.java:128)
	at org.openqa.selenium.remote.ProtocolHandshake.createSession(ProtocolHandshake.java:74)
	at org.openqa.selenium.remote.HttpCommandExecutor.execute(HttpCommandExecutor.java:136)
	at org.openqa.selenium.remote.service.DriverCommandExecutor.execute(DriverCommandExecutor.java:83)
	at org.openqa.selenium.remote.RemoteWebDriver.execute(RemoteWebDriver.java:552)
	at org.openqa.selenium.remote.RemoteWebDriver.startSession(RemoteWebDriver.java:213)
	at org.openqa.selenium.remote.RemoteWebDriver.<init>(RemoteWebDriver.java:131)
	at org.openqa.selenium.chrome.ChromeDriver.<init>(ChromeDriver.java:181)
	at org.openqa.selenium.chrome.ChromeDriver.<init>(ChromeDriver.java:168)
	at org.openqa.selenium.chrome.ChromeDriver.<init>(ChromeDriver.java:123)
	at hw2.TestForExercise1.createDriver(TestForExercise1.java:44)
	at sun.reflect.NativeMethodAccessorImpl.invoke0(Native Method)
	at sun.reflect.NativeMethodAccessorImpl.invoke(NativeMethodAccessorImpl.java:62)
	at sun.reflect.DelegatingMethodAccessorImpl.invoke(DelegatingMethodAccessorImpl.java:43)
	at java.lang.reflect.Method.invoke(Method.java:497)
	at org.testng.internal.MethodInvocationHelper.invokeMethod(MethodInvocationHelper.java:80)
	at org.testng.internal.Invoker.invokeConfigurationMethod(Invoker.java:564)
	at org.testng.internal.Invoker.invokeConfigurations(Invoker.java:213)
	at org.testng.internal.Invoker.invokeConfigurations(Invoker.java:138)
	at org.testng.TestRunner.beforeRun(TestRunner.java:641)
	at org.testng.TestRunner.run(TestRunner.java:609)
	at org.testng.SuiteRunner.runTest(SuiteRunner.java:334)
	at org.testng.SuiteRunner.runSequentially(SuiteRunner.java:329)
	at org.testng.SuiteRunner.privateRun(SuiteRunner.java:291)
	at org.testng.SuiteRunner.run(SuiteRunner.java:240)
	at org.testng.SuiteRunnerWorker.runSuite(SuiteRunnerWorker.java:52)
	at org.testng.SuiteRunnerWorker.run(SuiteRunnerWorker.java:86)
	at org.testng.TestNG.runSuitesSequentially(TestNG.java:1198)
	at org.testng.TestNG.runSuitesLocally(TestNG.java:1123)
	at org.testng.TestNG.run(TestNG.java:1031)
	at org.apache.maven.surefire.testng.TestNGExecutor.run(TestNGExecutor.java:135)
	at org.apache.maven.surefire.testng.TestNGDirectoryTestSuite.executeMulti(TestNGDirectoryTestSuite.java:193)
	at org.apache.maven.surefire.testng.TestNGDirectoryTestSuite.execute(TestNGDirectoryTestSuite.java:94)
	at org.apache.maven.surefire.testng.TestNGProvider.invoke(TestNGProvider.java:146)
	at org.apache.maven.surefire.booter.ForkedBooter.invokeProviderInSameClassLoader(ForkedBooter.java:384)
	at org.apache.maven.surefire.booter.ForkedBooter.runSuitesInProcess(ForkedBooter.java:345)
	at org.apache.maven.surefire.booter.ForkedBooter.execute(ForkedBooter.java:126)
	at org.apache.maven.surefire.booter.ForkedBooter.main(ForkedBooter.java:418)
]]>
            </full-stacktrace>
          </exception> <!-- org.openqa.selenium.WebDriverException -->
          <reporter-output>
          </reporter-output>
        </test-method> <!-- createDriver -->
        <test-method status="SKIP" signature="destroyDriver()[pri:0, instance:hw2.TestForExercise1@6615435c]" name="destroyDriver" is-config="true" duration-ms="0" started-at="2019-06-20T11:40:45Z" finished-at="2019-06-20T11:40:45Z">
          <reporter-output>
          </reporter-output>
        </test-method> <!-- destroyDriver -->
        <test-method status="SKIP" signature="TestScenario1()[pri:0, instance:hw2.TestForExercise1@6615435c]" name="TestScenario1" duration-ms="0" started-at="2019-06-20T11:40:45Z" finished-at="2019-06-20T11:40:45Z">
          <reporter-output>
          </reporter-output>
        </test-method> <!-- TestScenario1 -->
      </class> <!-- hw2.TestForExercise1 -->
      <class name="hw1.TestMultiplicationReturnsCorrectResults">
        <test-method status="SKIP" signature="MultiplicationOfALongByZeroReturnsZero()[pri:0, instance:hw1.TestMultiplicationReturnsCorrectResults@4909b8da]" name="MultiplicationOfALongByZeroReturnsZero" duration-ms="0" started-at="2019-06-20T11:40:45Z" finished-at="2019-06-20T11:40:45Z">
          <reporter-output>
          </reporter-output>
        </test-method> <!-- MultiplicationOfALongByZeroReturnsZero -->
        <test-method status="SKIP" signature="MultiplicationOfADoubleByZeroReturnsZero()[pri:0, instance:hw1.TestMultiplicationReturnsCorrectResults@4909b8da]" name="MultiplicationOfADoubleByZeroReturnsZero" duration-ms="0" started-at="2019-06-20T11:40:45Z" finished-at="2019-06-20T11:40:45Z">
          <reporter-output>
          </reporter-output>
        </test-method> <!-- MultiplicationOfADoubleByZeroReturnsZero -->
        <test-method status="SKIP" signature="MultiplicationOfDoublesReturnsCorrectResult()[pri:0, instance:hw1.TestMultiplicationReturnsCorrectResults@4909b8da]" name="MultiplicationOfDoublesReturnsCorrectResult" duration-ms="0" started-at="2019-06-20T11:40:45Z" finished-at="2019-06-20T11:40:45Z">
          <reporter-output>
          </reporter-output>
        </test-method> <!-- MultiplicationOfDoublesReturnsCorrectResult -->
        <test-method status="SKIP" signature="MultiplicationOfLongsReturnsCorrectResult()[pri:0, instance:hw1.TestMultiplicationReturnsCorrectResults@4909b8da]" name="MultiplicationOfLongsReturnsCorrectResult" duration-ms="1" started-at="2019-06-20T11:40:45Z" finished-at="2019-06-20T11:40:45Z">
          <reporter-output>
          </reporter-output>
        </test-method> <!-- MultiplicationOfLongsReturnsCorrectResult -->
      </class> <!-- hw1.TestMultiplicationReturnsCorrectResults -->
      <class name="hw1.TestAddingReturnsCorrectSum">
        <test-method status="PASS" signature="setUp()[pri:0, instance:hw1.TestAddingReturnsCorrectSum@90f6bfd]" name="setUp" is-config="true" duration-ms="6" started-at="2019-06-20T11:39:41Z" finished-at="2019-06-20T11:39:41Z">
          <reporter-output>
          </reporter-output>
        </test-method> <!-- setUp -->
        <test-method status="PASS" signature="setUp()[pri:0, instance:hw1.TestDivisionReturnsCorrectResults@4157f54e]" name="setUp" is-config="true" duration-ms="0" started-at="2019-06-20T11:39:41Z" finished-at="2019-06-20T11:39:41Z">
          <reporter-output>
          </reporter-output>
        </test-method> <!-- setUp -->
        <test-method status="PASS" signature="setUp()[pri:0, instance:hw1.TestSubtractionReturnsCorrectResults@783e6358]" name="setUp" is-config="true" duration-ms="0" started-at="2019-06-20T11:39:41Z" finished-at="2019-06-20T11:39:41Z">
          <reporter-output>
          </reporter-output>
        </test-method> <!-- setUp -->
        <test-method status="PASS" signature="setUp()[pri:0, instance:hw1.TestMultiplicationReturnsCorrectResults@4909b8da]" name="setUp" is-config="true" duration-ms="0" started-at="2019-06-20T11:39:41Z" finished-at="2019-06-20T11:39:41Z">
          <reporter-output>
          </reporter-output>
        </test-method> <!-- setUp -->
        <test-method status="SKIP" signature="AddingDoubleVariablesReturnsCorrecrtResults()[pri:0, instance:hw1.TestAddingReturnsCorrectSum@90f6bfd]" name="AddingDoubleVariablesReturnsCorrecrtResults" duration-ms="0" started-at="2019-06-20T11:40:45Z" finished-at="2019-06-20T11:40:45Z">
          <reporter-output>
          </reporter-output>
        </test-method> <!-- AddingDoubleVariablesReturnsCorrecrtResults -->
        <test-method status="SKIP" signature="AddingTwoLongNegativesReturnsCorrectResult()[pri:0, instance:hw1.TestAddingReturnsCorrectSum@90f6bfd]" name="AddingTwoLongNegativesReturnsCorrectResult" duration-ms="0" started-at="2019-06-20T11:40:45Z" finished-at="2019-06-20T11:40:45Z">
          <reporter-output>
          </reporter-output>
        </test-method> <!-- AddingTwoLongNegativesReturnsCorrectResult -->
        <test-method status="SKIP" signature="AddingLongVariablesReturnsCorrectResult()[pri:0, instance:hw1.TestAddingReturnsCorrectSum@90f6bfd]" name="AddingLongVariablesReturnsCorrectResult" duration-ms="0" started-at="2019-06-20T11:40:45Z" finished-at="2019-06-20T11:40:45Z">
          <reporter-output>
          </reporter-output>
        </test-method> <!-- AddingLongVariablesReturnsCorrectResult -->
        <test-method status="SKIP" signature="AddingZeroToALongValueDoesNotChangeTheSum()[pri:0, instance:hw1.TestAddingReturnsCorrectSum@90f6bfd]" name="AddingZeroToALongValueDoesNotChangeTheSum" duration-ms="0" started-at="2019-06-20T11:40:45Z" finished-at="2019-06-20T11:40:45Z">
          <reporter-output>
          </reporter-output>
        </test-method> <!-- AddingZeroToALongValueDoesNotChangeTheSum -->
        <test-method status="SKIP" signature="AddingTwoDoubleNegativesReturnsCorrectResult()[pri:0, instance:hw1.TestAddingReturnsCorrectSum@90f6bfd]" name="AddingTwoDoubleNegativesReturnsCorrectResult" duration-ms="0" started-at="2019-06-20T11:40:45Z" finished-at="2019-06-20T11:40:45Z">
          <reporter-output>
          </reporter-output>
        </test-method> <!-- AddingTwoDoubleNegativesReturnsCorrectResult -->
        <test-method status="SKIP" signature="AddingZeroToADoubleValueDoesNotChangeTheSum()[pri:0, instance:hw1.TestAddingReturnsCorrectSum@90f6bfd]" name="AddingZeroToADoubleValueDoesNotChangeTheSum" duration-ms="0" started-at="2019-06-20T11:40:45Z" finished-at="2019-06-20T11:40:45Z">
          <reporter-output>
          </reporter-output>
        </test-method> <!-- AddingZeroToADoubleValueDoesNotChangeTheSum -->
      </class> <!-- hw1.TestAddingReturnsCorrectSum -->
    </test> <!-- Surefire test -->
  </suite> <!-- Surefire suite -->
</testng-results>
