<?xml version="1.0" encoding="UTF-8"?>
<testsuite xmlns:xsi="http://www.w3.org/2001/XMLSchema-instance" xsi:noNamespaceSchemaLocation="https://maven.apache.org/surefire/maven-surefire-plugin/xsd/surefire-test-report.xsd" name="TestSuite" time="9.38" tests="24" errors="0" skipped="0" failures="1">
  <properties>
[...]
</properties>
  <testcase name="AddingDoubleVariablesReturnsCorrecrtResults" classname="hw1.TestAddingReturnsCorrectSum" time="0.002"/>
  <testcase name="AddingLongVariablesReturnsCorrectResult" classname="hw1.TestAddingReturnsCorrectSum" time="0"/>
  <testcase name="AddingTwoDoubleNegativesReturnsCorrectResult" classname="hw1.TestAddingReturnsCorrectSum" time="0"/>
  <testcase name="AddingTwoLongNegativesReturnsCorrectResult" classname="hw1.TestAddingReturnsCorrectSum" time="0"/>
  <testcase name="AddingZeroToADoubleValueDoesNotChangeTheSum" classname="hw1.TestAddingReturnsCorrectSum" time="0"/>
  <testcase name="AddingZeroToALongValueDoesNotChangeTheSum" classname="hw1.TestAddingReturnsCorrectSum" time="0"/>
  <testcase name="DivisionALongByZeroThrowsException" classname="hw1.TestDivisionReturnsCorrectResults" time="0"/>
  <testcase name="DivisionOfADoubleByUnityReturnsItself" classname="hw1.TestDivisionReturnsCorrectResults" time="0"/>
  <testcase name="DivisionOfADoubleByZeroReturnsInfitnity" classname="hw1.TestDivisionReturnsCorrectResults" time="0"/>
  <testcase name="DivisionOfANongByUnityReturnsItself" classname="hw1.TestDivisionReturnsCorrectResults" time="0.001"/>
  <testcase name="DivisionOfDoubleByDoubleReturnsCorrectResult" classname="hw1.TestDivisionReturnsCorrectResults" time="0"/>
  <testcase name="DivisionOfLongByLongReturnsCorrectResult" classname="hw1.TestDivisionReturnsCorrectResults" time="0"/>
  <testcase name="MultiplicationOfADoubleByZeroReturnsZero" classname="hw1.TestMultiplicationReturnsCorrectResults" time="0"/>
  <testcase name="MultiplicationOfALongByZeroReturnsZero" classname="hw1.TestMultiplicationReturnsCorrectResults" time="0"/>
  <testcase name="MultiplicationOfDoublesReturnsCorrectResult" classname="hw1.TestMultiplicationReturnsCorrectResults" time="0"/>
  <testcase name="MultiplicationOfLongsReturnsCorrectResult" classname="hw1.TestMultiplicationReturnsCorrectResults" time="0"/>
  <testcase name="SubtractingDoubleNegativeMakesAPositive" classname="hw1.TestSubtractionReturnsCorrectResults" time="0"/>
  <testcase name="SubtractingDoubleValuesReturnsCorrectResults" classname="hw1.TestSubtractionReturnsCorrectResults" time="0"/>
  <testcase name="SubtractingLongNegativeMakesAPositive" classname="hw1.TestSubtractionReturnsCorrectResults" time="0"/>
  <testcase name="SubtractingZeroFromADoubleValueDoesNotChangeResult" classname="hw1.TestSubtractionReturnsCorrectResults" time="0"/>
  <testcase name="SubtractingZeroFromALongValueDoesNotChangeResult" classname="hw1.TestSubtractionReturnsCorrectResults" time="0.001"/>
  <testcase name="SubtractionLongValuesReturnsCorrectResult" classname="hw1.TestSubtractionReturnsCorrectResults" time="0"/>
  <testcase name="TestScenario1" classname="hw2.TestForExcercise1" time="0.006">
    <failure type="java.lang.NullPointerException">java.lang.NullPointerException
	at hw2.TestForExcercise1.TestScenario1(TestForExcercise1.java:13)
</failure>
  </testcase>
  <testcase name="TestScenario2" classname="hw2.TestForExcercise2" time="6.132"/>
</testsuite>